<?xml version="1.0" encoding="UTF-8"?>
<!-- Generated by org.testng.reporters.JUnitReportReporter -->
<testsuite hostname="DESKTOP-TF76SV6" name="Locators3.XpathExample" tests="1" failures="0" timestamp="11 Apr 2022 07:16:02 GMT" time="7.503" errors="0">
  <testcase name="IdDemo" time="7.503" classname="Locators3.XpathExample"/>
</testsuite> <!-- Locators3.XpathExample -->
