<?xml version="1.0" encoding="UTF-8"?>
<!-- Generated by org.testng.reporters.JUnitReportReporter -->
<testsuite hostname="DESKTOP-TF76SV6" name="Locators3.NameExampple3" tests="1" failures="0" timestamp="11 Apr 2022 07:20:40 GMT" time="6.680" errors="0">
  <testcase name="IdDemo" time="6.680" classname="Locators3.NameExampple3"/>
</testsuite> <!-- Locators3.NameExampple3 -->
